# hmmscan :: search sequence(s) against a profile database
# HMMER 3.2.1 (June 2018); http://hmmer.org/
# Copyright (C) 2018 Howard Hughes Medical Institute.
# Freely distributed under the BSD open source license.
# - - - - - - - - - - - - - - - - - - - - - - - - - - - - - - - - - - - -
# query sequence file:             ../tmp/ifdeepre_inputExample_processed/pfam_input/12.fasta
# target HMM database:             ../database/pfam/Pfam-A.hmm
# - - - - - - - - - - - - - - - - - - - - - - - - - - - - - - - - - - - -

Query:       12  [L=175]
Scores for complete sequence (score includes all domains):
   --- full sequence ---   --- best 1 domain ---    -#dom-
    E-value  score  bias    E-value  score  bias    exp  N  Model    Description
    ------- ------ -----    ------- ------ -----   ---- --  -------- -----------
  ------ inclusion threshold ------
       0.13   11.9   0.0       0.14   11.7   0.0    1.2  1  Cupin_6   Cupin


Domain annotation for each model (and alignments):
>> Cupin_6  Cupin
   #    score  bias  c-Evalue  i-Evalue hmmfrom  hmm to    alifrom  ali to    envfrom  env to     acc
 ---   ------ ----- --------- --------- ------- -------    ------- -------    ------- -------    ----
   1 ?   11.7   0.0   8.7e-06      0.14      53      94 ..      47      89 ..      35     164 .. 0.76

  Alignments for each domain:
  == domain 1  score: 11.7 bits;  conditional E-value: 8.7e-06
  Cupin_6 53 epvrLsagdvvl.lpggephvladspgtaplaviealgeasgl 94
              p++L+  d++l +++g++h++ d+ +++p ++ +a ++++g 
       12 47 NPLELRSEDAALlVNKGAAHIVNDDSSKPPKSPQNAPRSPNGM 89
             79999999987526889**********9999888777555544 PP



Internal pipeline statistics summary:
-------------------------------------
Query sequence(s):                         1  (175 residues searched)
Target model(s):                       16306  (2860830 nodes)
Passed MSV filter:                       312  (0.0191341); expected 326.1 (0.02)
Passed bias filter:                      208  (0.012756); expected 326.1 (0.02)
Passed Vit filter:                        17  (0.00104256); expected 16.3 (0.001)
Passed Fwd filter:                         1  (6.13271e-05); expected 0.2 (1e-05)
Initial search space (Z):              16306  [actual number of targets]
Domain search space  (domZ):               1  [number of targets reported over threshold]
# CPU time: 0.50u 0.16s 00:00:00.66 Elapsed: 00:00:00.33
# Mc/sec: 1490.03
//
[ok]
