# hmmscan :: search sequence(s) against a profile database
# HMMER 3.2.1 (June 2018); http://hmmer.org/
# Copyright (C) 2018 Howard Hughes Medical Institute.
# Freely distributed under the BSD open source license.
# - - - - - - - - - - - - - - - - - - - - - - - - - - - - - - - - - - - -
# query sequence file:             ../tmp/ifdeepre_inputExample_processed/pfam_input/20.fasta
# target HMM database:             ../database/pfam/Pfam-A.hmm
# - - - - - - - - - - - - - - - - - - - - - - - - - - - - - - - - - - - -

Query:       20  [L=344]
Scores for complete sequence (score includes all domains):
   --- full sequence ---   --- best 1 domain ---    -#dom-
    E-value  score  bias    E-value  score  bias    exp  N  Model    Description
    ------- ------ -----    ------- ------ -----   ---- --  -------- -----------
    1.6e-09   37.8   1.0    4.3e-09   36.4   0.3    2.1  2  NUDIX     NUDIX domain


Domain annotation for each model (and alignments):
>> NUDIX  NUDIX domain
   #    score  bias  c-Evalue  i-Evalue hmmfrom  hmm to    alifrom  ali to    envfrom  env to     acc
 ---   ------ ----- --------- --------- ------- -------    ------- -------    ------- -------    ----
   1 !   36.4   0.3   2.7e-13   4.3e-09       2      60 ..      32      97 ..      31     179 .. 0.75
   2 ?   -0.6   0.1     0.071   1.2e+03      79     107 ..     179     213 ..     150     232 .. 0.68

  Alignments for each domain:
  == domain 1  score: 36.4 bits;  conditional E-value: 2.7e-13
           EEEEEEEEEEETTSE...EEEEEES..SSSTTT.EESSEEECB.TTSHHHHHHHHHHHHHHSEEEE CS
  NUDIX  2 lrravgvvllnekge...vLlvrrs..kkpfpg.WelPgGkve.pgEtpeeAArREleEEtGleae 60
           +r++v ++l+ +++    v+l+ rs   +  +g  +lPgGk + + Et++ +ArRE+eEE+Gl+ +
     20 32 RRASVLILLFADRRGdlrVILTIRSakLRNYAGqAALPGGKADtEAETAWMTARREAEEEIGLPSD 97
           789999998777755699777777757555555336*******4466***************9663 PP

  == domain 2  score: -0.6 bits;  conditional E-value: 0.071
            EE.......EEEEEEEEEEEECSGCSSTTTTTEEEE CS
  NUDIX  79 gd.......eheilyvfleevegelepndenevsev 107
            +        e + ++ f  +v+ +   + + ev++ 
     20 179 RGawhswyhEPWRMHMFHVPVTPRTVFR-SQEVENT 213
            2233336668888888888888887777.7777665 PP



Internal pipeline statistics summary:
-------------------------------------
Query sequence(s):                         1  (344 residues searched)
Target model(s):                       16306  (2860830 nodes)
Passed MSV filter:                       219  (0.0134306); expected 326.1 (0.02)
Passed bias filter:                      190  (0.0116522); expected 326.1 (0.02)
Passed Vit filter:                        28  (0.00171716); expected 16.3 (0.001)
Passed Fwd filter:                         1  (6.13271e-05); expected 0.2 (1e-05)
Initial search space (Z):              16306  [actual number of targets]
Domain search space  (domZ):               1  [number of targets reported over threshold]
# CPU time: 0.58u 0.18s 00:00:00.76 Elapsed: 00:00:00.32
# Mc/sec: 3063.89
//
[ok]
