# hmmscan :: search sequence(s) against a profile database
# HMMER 3.2.1 (June 2018); http://hmmer.org/
# Copyright (C) 2018 Howard Hughes Medical Institute.
# Freely distributed under the BSD open source license.
# - - - - - - - - - - - - - - - - - - - - - - - - - - - - - - - - - - - -
# query sequence file:             ../tmp/ifdeepre_inputExample_processed/pfam_input/21.fasta
# target HMM database:             ../database/pfam/Pfam-A.hmm
# - - - - - - - - - - - - - - - - - - - - - - - - - - - - - - - - - - - -

Query:       21  [L=497]
Scores for complete sequence (score includes all domains):
   --- full sequence ---   --- best 1 domain ---    -#dom-
    E-value  score  bias    E-value  score  bias    exp  N  Model    Description
    ------- ------ -----    ------- ------ -----   ---- --  -------- -----------
    3.9e-08   33.3   1.6    6.5e-08   32.6   0.8    1.8  1  MBOAT_2   Membrane bound O-acyl transferase family
  ------ inclusion threshold ------
       0.16   11.6   1.4       0.56    9.9   1.4    1.9  1  DUF1049   Protein of unknown function (DUF1049)


Domain annotation for each model (and alignments):
>> MBOAT_2  Membrane bound O-acyl transferase family
   #    score  bias  c-Evalue  i-Evalue hmmfrom  hmm to    alifrom  ali to    envfrom  env to     acc
 ---   ------ ----- --------- --------- ------- -------    ------- -------    ------- -------    ----
   1 !   32.6   0.8     8e-12   6.5e-08       5      73 ..     342     417 ..     337     431 .. 0.73

  Alignments for each domain:
  == domain 1  score: 32.6 bits;  conditional E-value: 8e-12
  MBOAT_2   5 fgslleayslrrfWgrfWHqlfrrglkstakkilrlllg.....sk..larylqllvaFllSGllHaagdytqlap 73 
                ++++  s+r+fW+  WH+lf r++  ++ ++ + l +     ++   a + ++l  F+ S+++H ++   +l+ 
       21 342 STRIWDIKSVRGFWSYGWHRLFARLFLVYGVWPGEWLERkltgkRSdePADIGKVLGGFISSAFVHSFAVRSVLGG 417
              34689***********************87766555555444352267999***************9887776664 PP

>> DUF1049  Protein of unknown function (DUF1049)
   #    score  bias  c-Evalue  i-Evalue hmmfrom  hmm to    alifrom  ali to    envfrom  env to     acc
 ---   ------ ----- --------- --------- ------- -------    ------- -------    ------- -------    ----
   1 ?    9.9   1.4   6.8e-05      0.56      16      40 ..     294     318 ..     289     325 .. 0.85

  Alignments for each domain:
  == domain 1  score: 9.9 bits;  conditional E-value: 6.8e-05
  DUF1049  16 elpLsllllvafgiGallgwllslw 40 
               lpL+l ll+++++Ga+l+  +s+ 
       21 294 RLPLWLQLLLTAALGAFLMAAFSVA 318
              69*****************999985 PP



Internal pipeline statistics summary:
-------------------------------------
Query sequence(s):                         1  (497 residues searched)
Target model(s):                       16306  (2860830 nodes)
Passed MSV filter:                       368  (0.0225684); expected 326.1 (0.02)
Passed bias filter:                      247  (0.0151478); expected 326.1 (0.02)
Passed Vit filter:                        24  (0.00147185); expected 16.3 (0.001)
Passed Fwd filter:                         2  (0.000122654); expected 0.2 (1e-05)
Initial search space (Z):              16306  [actual number of targets]
Domain search space  (domZ):               2  [number of targets reported over threshold]
# CPU time: 0.68u 0.18s 00:00:00.86 Elapsed: 00:00:00.34
# Mc/sec: 4136.67
//
[ok]
