# hmmscan :: search sequence(s) against a profile database
# HMMER 3.2.1 (June 2018); http://hmmer.org/
# Copyright (C) 2018 Howard Hughes Medical Institute.
# Freely distributed under the BSD open source license.
# - - - - - - - - - - - - - - - - - - - - - - - - - - - - - - - - - - - -
# query sequence file:             ../tmp/ifdeepre_inputExample_processed/pfam_input/36.fasta
# target HMM database:             ../database/pfam/Pfam-A.hmm
# - - - - - - - - - - - - - - - - - - - - - - - - - - - - - - - - - - - -

Query:       36  [L=287]
Scores for complete sequence (score includes all domains):
   --- full sequence ---   --- best 1 domain ---    -#dom-
    E-value  score  bias    E-value  score  bias    exp  N  Model    Description
    ------- ------ -----    ------- ------ -----   ---- --  -------- -----------
  ------ inclusion threshold ------
       0.14   12.0   0.0       0.48   10.2   0.0    1.9  2  DUF2793   Protein of unknown function (DUF2793)


Domain annotation for each model (and alignments):
>> DUF2793  Protein of unknown function (DUF2793)
   #    score  bias  c-Evalue  i-Evalue hmmfrom  hmm to    alifrom  ali to    envfrom  env to     acc
 ---   ------ ----- --------- --------- ------- -------    ------- -------    ------- -------    ----
   1 ?   10.2   0.0   2.9e-05      0.48       8      59 ..      38      89 ..      31      96 .. 0.80
   2 ?   -2.0   0.0      0.19   3.1e+03      43      63 ..     140     160 ..     133     173 .. 0.70

  Alignments for each domain:
  == domain 1  score: 10.2 bits;  conditional E-value: 2.9e-05
  DUF2793  8 LDalvqlavesrdltapPaspaeGdryivpa.gatgaWagkagkiavwedgaW 59
             L +  +lav + +  +p ++pa+G+ + vp+  ++ aW+ + +++a+ ++ ++
       36 38 LETPGHLAVGQ-HNRTPITTPASGAHFPVPSpLPSLAWTLNRKSLAAPTASKF 89
             55556777766.7889*************65168999********99887665 PP

  == domain 2  score: -2.0 bits;  conditional E-value: 0.19
  DUF2793  43 aWagkagkiavwedgaWrfla 63 
              +W + ++++ + +++ W + +
       36 140 DWVTMNDDVLRETTNVWCAST 160
              577778888888888886543 PP



Internal pipeline statistics summary:
-------------------------------------
Query sequence(s):                         1  (287 residues searched)
Target model(s):                       16306  (2860830 nodes)
Passed MSV filter:                       323  (0.0198087); expected 326.1 (0.02)
Passed bias filter:                      222  (0.0136146); expected 326.1 (0.02)
Passed Vit filter:                        18  (0.00110389); expected 16.3 (0.001)
Passed Fwd filter:                         1  (6.13271e-05); expected 0.2 (1e-05)
Initial search space (Z):              16306  [actual number of targets]
Domain search space  (domZ):               1  [number of targets reported over threshold]
# CPU time: 0.52u 0.19s 00:00:00.71 Elapsed: 00:00:00.32
# Mc/sec: 2538.89
//
[ok]
