# hmmscan :: search sequence(s) against a profile database
# HMMER 3.2.1 (June 2018); http://hmmer.org/
# Copyright (C) 2018 Howard Hughes Medical Institute.
# Freely distributed under the BSD open source license.
# - - - - - - - - - - - - - - - - - - - - - - - - - - - - - - - - - - - -
# query sequence file:             ../tmp/ifdeepre_inputExample_processed/pfam_input/44.fasta
# target HMM database:             ../database/pfam/Pfam-A.hmm
# - - - - - - - - - - - - - - - - - - - - - - - - - - - - - - - - - - - -

Query:       44  [L=67]
Scores for complete sequence (score includes all domains):
   --- full sequence ---   --- best 1 domain ---    -#dom-
    E-value  score  bias    E-value  score  bias    exp  N  Model    Description
    ------- ------ -----    ------- ------ -----   ---- --  -------- -----------
  ------ inclusion threshold ------
      0.011   16.1   0.2      0.013   15.9   0.2    1.0  1  Pyocin_S  S-type Pyocin


Domain annotation for each model (and alignments):
>> Pyocin_S  S-type Pyocin
   #    score  bias  c-Evalue  i-Evalue hmmfrom  hmm to    alifrom  ali to    envfrom  env to     acc
 ---   ------ ----- --------- --------- ------- -------    ------- -------    ------- -------    ----
   1 ?   15.9   0.2   7.8e-07     0.013      78     134 ..      10      63 ..       2      66 .. 0.78

  Alignments for each domain:
  == domain 1  score: 15.9 bits;  conditional E-value: 7.8e-07
               EECCEESS-SSS-TT-TTEES-SEEC......-EC-STTTTTTEEEEEEE--SSSS-- CS
  Pyocin_S  78 lssssttshpaappslpvitgtpipeeqgen.ietlPaleerdfnDfIivfPadsGlp 134
                +++++ts+ +  ++ p+ t tp+p  ++++ i +         +D+Ii++P  + l+
        44  10 SAANNNTSTANTSTANPSTTNTPTPTIAQTTlINS----LATTAHDCIIMHPSRKALK 63 
               57899999999999999999999998776544444....4599*********887776 PP



Internal pipeline statistics summary:
-------------------------------------
Query sequence(s):                         1  (67 residues searched)
Target model(s):                       16306  (2860830 nodes)
Passed MSV filter:                       748  (0.0458727); expected 326.1 (0.02)
Passed bias filter:                      288  (0.0176622); expected 326.1 (0.02)
Passed Vit filter:                        26  (0.00159451); expected 16.3 (0.001)
Passed Fwd filter:                         1  (6.13271e-05); expected 0.2 (1e-05)
Initial search space (Z):              16306  [actual number of targets]
Domain search space  (domZ):               1  [number of targets reported over threshold]
# CPU time: 0.40u 0.20s 00:00:00.60 Elapsed: 00:00:00.31
# Mc/sec: 616.90
//
[ok]
