# hmmscan :: search sequence(s) against a profile database
# HMMER 3.2.1 (June 2018); http://hmmer.org/
# Copyright (C) 2018 Howard Hughes Medical Institute.
# Freely distributed under the BSD open source license.
# - - - - - - - - - - - - - - - - - - - - - - - - - - - - - - - - - - - -
# query sequence file:             ../tmp/ifdeepre_inputExample_processed/pfam_input/49.fasta
# target HMM database:             ../database/pfam/Pfam-A.hmm
# - - - - - - - - - - - - - - - - - - - - - - - - - - - - - - - - - - - -

Query:       49  [L=303]
Scores for complete sequence (score includes all domains):
   --- full sequence ---   --- best 1 domain ---    -#dom-
    E-value  score  bias    E-value  score  bias    exp  N  Model     Description
    ------- ------ -----    ------- ------ -----   ---- --  --------  -----------
    2.6e-42  145.1   0.0    3.1e-42  144.8   0.0    1.1  1  PhzC-PhzF  Phenazine biosynthesis-like protein


Domain annotation for each model (and alignments):
>> PhzC-PhzF  Phenazine biosynthesis-like protein
   #    score  bias  c-Evalue  i-Evalue hmmfrom  hmm to    alifrom  ali to    envfrom  env to     acc
 ---   ------ ----- --------- --------- ------- -------    ------- -------    ------- -------    ----
   1 !  144.8   0.0   1.9e-46   3.1e-42       1     283 []       9     298 ..       9     298 .. 0.85

  Alignments for each domain:
  == domain 1  score: 144.8 bits;  conditional E-value: 1.9e-46
                EEET-SSTTSSEEEEEEESTT..CS-HHHHHHHHHHHTSSEEEEEE--S...STTSSEEEEEE-SSSEES--HHHHHHHH.HHHHHHCT-S-SCEEEEEE CS
  PhzC-PhzF   1 vdaFtespfkGNpaaVvldad..elddeelqsiAaelnlseTaFllkps...dekarfrlRyFTPvaEvdlcGHatlasa.halaekglvasaetvelet 94 
                +d+Ft++ f GNp+aV+   +   l++e+ q iA e+n+seT+F+ + s   +e ++ ++ +FT + E++++GH+t++++ h+l+++g    +++ +++ 
         49   9 LDVFTTKKFAGNPLAVCKIPSgvTLTQEQKQTIAVEFNYSETTFVHPCSnegSEVPEWQVDIFTVKTELPFAGHPTIGTCcHMLGQAG----KTKGKFNV 104
                59***************99887899**********************9988889999*********************9725555555....57889*** PP

                TTEEEEE.EEEEETCEECCEEEEE-SEEEEEE-HHHHHHHHHHCCTSGG.-TTS-BEEEE..SSSEEEEEEBSTCCHHHH----H.......HHHHHHCT CS
  PhzC-PhzF  95 kaGilpvkslkekddgeellielkfPvikteevssedlallakllklaa.qkalpiavks..tglekvivplsseeavaelspdl.......aeeikkcp 184
                kaG + +   +  d+ ++ +i  ++ v +  ++ss++  + +  lk     ++l ++v s   g +  +v+l+s e++a++           +++++  p
         49 105 KAGVIEL---DYVDGVAKASIPHNTHVHSSTDLSSSRMLEWQSGLKSFYqSGDLKLDVVSpvKGMNFAVVELKSLEELAAVTLPGteldfslDQDWNVGP 201
                *****97...688999999999999999999999999999988877665655566555542289*************98765332344446699999999 PP

                -EEEEEE.EETTTSSCCEEEEEEEEGGGTEEEESS-HHHHHHHHHHHHHCC-S.SSEEEEEEEE-GGGT--EEEEEEEE.E-TTCEEEEEEEE-EEEEEE CS
  PhzC-PhzF 185 kkgvivt.aaaeagskkdfhsRmFaPklGivEDpvtGsAsgaLaaylseklnl.eesakikieqgqalgrsgtlevevevkvdkekervkvtGkAvtvme 282
                + + + +    +    k+++ Rm     G  EDp+tGsA + Laayl  k  + +++ k +i q  ++gr++ + vevevk   + + v ++G++v vme
         49 202 CFSKFYVhMPDQGDGVKRLRTRMI---EGSFEDPATGSACCGLAAYLVLKEGVkDGKVKYEILQAVEMGRPSDIGVEVEVKG-GQIQTVVLSGRSVSVME 297
                976555405555566788999996...5888****************99877758899********************9876.69**************9 PP

                E CS
  PhzC-PhzF 283 g 283
                g
         49 298 G 298
                8 PP



Internal pipeline statistics summary:
-------------------------------------
Query sequence(s):                         1  (303 residues searched)
Target model(s):                       16306  (2860830 nodes)
Passed MSV filter:                       331  (0.0202993); expected 326.1 (0.02)
Passed bias filter:                      301  (0.0184595); expected 326.1 (0.02)
Passed Vit filter:                        19  (0.00116522); expected 16.3 (0.001)
Passed Fwd filter:                         1  (6.13271e-05); expected 0.2 (1e-05)
Initial search space (Z):              16306  [actual number of targets]
Domain search space  (domZ):               1  [number of targets reported over threshold]
# CPU time: 0.57u 0.17s 00:00:00.74 Elapsed: 00:00:00.32
# Mc/sec: 2675.81
//
[ok]
